<?xml version="1.0" encoding="UTF-8"?>
<robot generator="Robot 6.0.1 (Python 3.11.1 on win32)" generated="20221213 17:07:48.990" rpa="false" schemaversion="3">
<suite id="s1" name="PlaceOrderCOD" source="C:\Automation\Lancome JP\PlaceOrderCOD.robot">
<test id="s1-t1" name="PlaceOrderCOD" line="15">
<kw name="User opens website" type="SETUP">
<arg>${Url}</arg>
<kw name="Open Browser" library="Selenium2Library">
<arg>${url}</arg>
<arg>${Browser}</arg>
<doc>Opens a new browser instance to the optional ``url``.</doc>
<msg timestamp="20221213 17:07:49.612" level="INFO">Opening browser 'chrome' to base url 'https://uat-jp-lan-ngl.dw-sites-apac.com/'.</msg>
<status status="PASS" starttime="20221213 17:07:49.612" endtime="20221213 17:08:03.765"/>
</kw>
<kw name="Maximize Browser Window" library="Selenium2Library">
<doc>Maximizes current browser window.</doc>
<status status="PASS" starttime="20221213 17:08:03.765" endtime="20221213 17:08:03.945"/>
</kw>
<status status="PASS" starttime="20221213 17:07:49.612" endtime="20221213 17:08:03.946"/>
</kw>
<kw name="Go to LogIn Page">
<kw name="Click Element" library="Selenium2Library">
<arg>xpath=${LogIn_button}</arg>
<doc>Click the element identified by ``locator``.</doc>
<msg timestamp="20221213 17:08:03.948" level="INFO">Clicking element 'xpath=//*[@class='c-user__text m-login']'.</msg>
<status status="PASS" starttime="20221213 17:08:03.947" endtime="20221213 17:08:13.957"/>
</kw>
<kw name="Wait Until Page Contains" library="Selenium2Library">
<arg>ご登録はこちら</arg>
<doc>Waits until ``text`` appears on the current page.</doc>
<status status="PASS" starttime="20221213 17:08:13.958" endtime="20221213 17:08:13.993"/>
</kw>
<status status="PASS" starttime="20221213 17:08:03.946" endtime="20221213 17:08:13.993"/>
</kw>
<kw name="LogIn Account">
<kw name="Input Text" library="Selenium2Library">
<arg>xpath=${emaillogin_locator}</arg>
<arg>${predefinedemail}</arg>
<doc>Types the given ``text`` into the text field identified by ``locator``.</doc>
<msg timestamp="20221213 17:08:13.995" level="INFO">Typing text 'angeru.robert.alexandru@gmail.com' into text field 'xpath=//*[starts-with(@data-component-id,'i_')]/input'.</msg>
<status status="PASS" starttime="20221213 17:08:13.994" endtime="20221213 17:08:14.116"/>
</kw>
<kw name="Input Text" library="Selenium2Library">
<arg>xpath=${passwordlogin_locator}</arg>
<arg>${password}</arg>
<doc>Types the given ``text`` into the text field identified by ``locator``.</doc>
<msg timestamp="20221213 17:08:14.117" level="INFO">Typing text 'Test1234' into text field 'xpath=//*[starts-with(@id,'password-')]'.</msg>
<status status="PASS" starttime="20221213 17:08:14.117" endtime="20221213 17:08:14.272"/>
</kw>
<kw name="Click Element" library="Selenium2Library">
<arg>xpath=${submitlogin_locator}</arg>
<doc>Click the element identified by ``locator``.</doc>
<msg timestamp="20221213 17:08:14.272" level="INFO">Clicking element 'xpath=//form[@name='login']/div/button'.</msg>
<status status="PASS" starttime="20221213 17:08:14.272" endtime="20221213 17:08:14.396"/>
</kw>
<kw name="Wait Until Page Contains" library="Selenium2Library">
<arg>ご登録情報</arg>
<arg>10s</arg>
<doc>Waits until ``text`` appears on the current page.</doc>
<status status="PASS" starttime="20221213 17:08:14.396" endtime="20221213 17:08:22.519"/>
</kw>
<status status="PASS" starttime="20221213 17:08:13.994" endtime="20221213 17:08:22.519"/>
</kw>
<kw name="Go product page and Add to cart">
<arg>${normal_item_EAN}</arg>
<kw name="Click Element" library="Selenium2Library">
<arg>${search_locator}</arg>
<doc>Click the element identified by ``locator``.</doc>
<msg timestamp="20221213 17:08:22.522" level="INFO">Clicking element '//*[@class='l-header__search-cta']/button'.</msg>
<status status="PASS" starttime="20221213 17:08:22.521" endtime="20221213 17:08:22.725"/>
</kw>
<kw name="Input Text" library="Selenium2Library">
<arg>${searchtext_locator}</arg>
<arg>${product}</arg>
<doc>Types the given ``text`` into the text field identified by ``locator``.</doc>
<msg timestamp="20221213 17:08:22.726" level="INFO">Typing text '3614273571258' into text field '//*[@class='c-simple-search__field']'.</msg>
<status status="PASS" starttime="20221213 17:08:22.725" endtime="20221213 17:08:22.801"/>
</kw>
<kw name="Press Keys" library="Selenium2Library">
<arg>${searchtext_locator}</arg>
<arg>ENTER</arg>
<doc>Simulates the user pressing key(s) to an element or on the active browser.</doc>
<msg timestamp="20221213 17:08:22.801" level="INFO">Sending key(s) ('ENTER',) to //*[@class='c-simple-search__field'] element.</msg>
<msg timestamp="20221213 17:08:23.101" level="INFO">Pressing special key ENTER to element.</msg>
<msg timestamp="20221213 17:08:23.101" level="INFO">Releasing special key ENTER.</msg>
<status status="PASS" starttime="20221213 17:08:22.801" endtime="20221213 17:08:32.095"/>
</kw>
<kw name="Wait Until Element Is Visible" library="Selenium2Library">
<arg>${itemname_locator}</arg>
<doc>Waits until the element ``locator`` is visible.</doc>
<status status="PASS" starttime="20221213 17:08:32.095" endtime="20221213 17:08:32.139"/>
</kw>
<kw name="Scroll To Element">
<arg>xpath=${addproduct_locator}</arg>
<kw name="Get Horizontal Position" library="Selenium2Library">
<var>${x}</var>
<arg>${locator}</arg>
<doc>Returns the horizontal position of the element identified by ``locator``.</doc>
<msg timestamp="20221213 17:08:32.158" level="INFO">${x} = 990</msg>
<status status="PASS" starttime="20221213 17:08:32.140" endtime="20221213 17:08:32.158"/>
</kw>
<kw name="Get Vertical Position" library="Selenium2Library">
<var>${y}</var>
<arg>${locator}</arg>
<doc>Returns the vertical position of the element identified by ``locator``.</doc>
<msg timestamp="20221213 17:08:32.170" level="INFO">${y} = 729</msg>
<status status="PASS" starttime="20221213 17:08:32.158" endtime="20221213 17:08:32.170"/>
</kw>
<kw name="Execute Javascript" library="Selenium2Library">
<arg>window.scrollTo(${x}, ${y})</arg>
<doc>Executes the given JavaScript code with possible arguments.</doc>
<msg timestamp="20221213 17:08:32.171" level="INFO">Executing JavaScript:
window.scrollTo(990, 729)
Without any arguments.</msg>
<status status="PASS" starttime="20221213 17:08:32.171" endtime="20221213 17:08:32.175"/>
</kw>
<status status="PASS" starttime="20221213 17:08:32.139" endtime="20221213 17:08:32.175"/>
</kw>
<kw name="Sleep" library="BuiltIn">
<arg>2s</arg>
<doc>Pauses the test executed for the given time.</doc>
<msg timestamp="20221213 17:08:34.176" level="INFO">Slept 2 seconds</msg>
<status status="PASS" starttime="20221213 17:08:32.175" endtime="20221213 17:08:34.176"/>
</kw>
<kw name="Click Element" library="Selenium2Library">
<arg>xpath=${addproduct_locator}</arg>
<doc>Click the element identified by ``locator``.</doc>
<msg timestamp="20221213 17:08:34.177" level="INFO">Clicking element 'xpath=//*[@class='c-product-add-bag']'.</msg>
<status status="PASS" starttime="20221213 17:08:34.176" endtime="20221213 17:08:34.286"/>
</kw>
<kw name="Wait Until Element Is Visible" library="Selenium2Library">
<arg>xpath=${gotocartbutton_locator}</arg>
<arg>20s</arg>
<doc>Waits until the element ``locator`` is visible.</doc>
<status status="PASS" starttime="20221213 17:08:34.286" endtime="20221213 17:08:40.918"/>
</kw>
<kw name="Click Element" library="Selenium2Library">
<arg>xpath=${gotocartbutton_locator}</arg>
<doc>Click the element identified by ``locator``.</doc>
<msg timestamp="20221213 17:08:40.920" level="INFO">Clicking element 'xpath=//*[@class='c-button  c-add-cart__goto-button']'.</msg>
<status status="PASS" starttime="20221213 17:08:40.919" endtime="20221213 17:08:47.026"/>
</kw>
<kw name="Wait Until Page Contains" library="Selenium2Library">
<arg>カートの内容</arg>
<doc>Waits until ``text`` appears on the current page.</doc>
<status status="PASS" starttime="20221213 17:08:47.026" endtime="20221213 17:08:47.040"/>
</kw>
<status status="PASS" starttime="20221213 17:08:22.520" endtime="20221213 17:08:47.040"/>
</kw>
<kw name="Proceed To Checkout">
<kw name="Click Element" library="Selenium2Library">
<arg>${proceedcheckout_locator}</arg>
<doc>Click the element identified by ``locator``.</doc>
<msg timestamp="20221213 17:08:47.040" level="INFO">Clicking element '//*[@class='c-cart-buttons ']/div/button'.</msg>
<status status="PASS" starttime="20221213 17:08:47.040" endtime="20221213 17:08:47.105"/>
</kw>
<kw name="Wait Until Page Contains" library="Selenium2Library">
<arg>連絡先情報の入力</arg>
<arg>20s</arg>
<doc>Waits until ``text`` appears on the current page.</doc>
<msg timestamp="20221213 17:09:07.386" level="INFO" html="true">&lt;/td&gt;&lt;/tr&gt;&lt;tr&gt;&lt;td colspan="3"&gt;&lt;a href="selenium-screenshot-7.png"&gt;&lt;img src="selenium-screenshot-7.png" width="800px"&gt;&lt;/a&gt;</msg>
<msg timestamp="20221213 17:09:07.386" level="FAIL">Text '連絡先情報の入力' did not appear in 20 seconds.</msg>
<status status="FAIL" starttime="20221213 17:08:47.105" endtime="20221213 17:09:07.386"/>
</kw>
<kw name="Scroll To Element">
<arg>${zipcode_locator}</arg>
<status status="NOT RUN" starttime="20221213 17:09:07.386" endtime="20221213 17:09:07.386"/>
</kw>
<kw name="Input Text" library="Selenium2Library">
<arg>${zipcode_locator}</arg>
<arg>${zipcode}</arg>
<doc>Types the given ``text`` into the text field identified by ``locator``.</doc>
<status status="NOT RUN" starttime="20221213 17:09:07.386" endtime="20221213 17:09:07.386"/>
</kw>
<kw name="Scroll To Element">
<arg>${prefectures_locator}</arg>
<status status="NOT RUN" starttime="20221213 17:09:07.386" endtime="20221213 17:09:07.386"/>
</kw>
<kw name="Select From List By Index" library="Selenium2Library">
<arg>${prefectures_locator}</arg>
<arg>${prefectures}</arg>
<doc>Selects options from selection list ``locator`` by ``indexes``.</doc>
<status status="NOT RUN" starttime="20221213 17:09:07.386" endtime="20221213 17:09:07.386"/>
</kw>
<kw name="Input Text" library="Selenium2Library">
<arg>${address_locator}</arg>
<arg>${address}</arg>
<doc>Types the given ``text`` into the text field identified by ``locator``.</doc>
<status status="NOT RUN" starttime="20221213 17:09:07.386" endtime="20221213 17:09:07.386"/>
</kw>
<kw name="Input Text" library="Selenium2Library">
<arg>${numberaddress_locator}</arg>
<arg>${numberaddress}</arg>
<doc>Types the given ``text`` into the text field identified by ``locator``.</doc>
<status status="NOT RUN" starttime="20221213 17:09:07.398" endtime="20221213 17:09:07.398"/>
</kw>
<kw name="Click Element" library="Selenium2Library">
<arg>${submitbuttonsteps_locator}</arg>
<doc>Click the element identified by ``locator``.</doc>
<status status="NOT RUN" starttime="20221213 17:09:07.398" endtime="20221213 17:09:07.398"/>
</kw>
<kw name="Wait Until Page Contains" library="Selenium2Library">
<arg>通常配送</arg>
<arg>20s</arg>
<doc>Waits until ``text`` appears on the current page.</doc>
<status status="NOT RUN" starttime="20221213 17:09:07.398" endtime="20221213 17:09:07.398"/>
</kw>
<kw name="Click Element" library="Selenium2Library">
<arg>${submitbuttonsteps_locator}</arg>
<doc>Click the element identified by ``locator``.</doc>
<status status="NOT RUN" starttime="20221213 17:09:07.399" endtime="20221213 17:09:07.399"/>
</kw>
<kw name="Wait Until Page Contains" library="Selenium2Library">
<arg>ご本人がお</arg>
<arg>20s</arg>
<doc>Waits until ``text`` appears on the current page.</doc>
<status status="NOT RUN" starttime="20221213 17:09:07.399" endtime="20221213 17:09:07.399"/>
</kw>
<kw name="Click Element" library="Selenium2Library">
<arg>${COD_locator}</arg>
<doc>Click the element identified by ``locator``.</doc>
<status status="NOT RUN" starttime="20221213 17:09:07.399" endtime="20221213 17:09:07.400"/>
</kw>
<kw name="Click Element" library="Selenium2Library">
<arg>${submitbuttonsteps_locator}</arg>
<doc>Click the element identified by ``locator``.</doc>
<status status="NOT RUN" starttime="20221213 17:09:07.400" endtime="20221213 17:09:07.400"/>
</kw>
<kw name="Wait Until Page Contains" library="Selenium2Library">
<arg>カート内容</arg>
<arg>20s</arg>
<doc>Waits until ``text`` appears on the current page.</doc>
<status status="NOT RUN" starttime="20221213 17:09:07.400" endtime="20221213 17:09:07.400"/>
</kw>
<kw name="Click Element" library="Selenium2Library">
<arg>${termscheckout_locator}</arg>
<doc>Click the element identified by ``locator``.</doc>
<status status="NOT RUN" starttime="20221213 17:09:07.400" endtime="20221213 17:09:07.400"/>
</kw>
<kw name="Wait Until Element Is Enabled" library="Selenium2Library">
<arg>${submitbuttonsteps_locator}</arg>
<arg>20s</arg>
<doc>Waits until the element ``locator`` is enabled.</doc>
<status status="NOT RUN" starttime="20221213 17:09:07.401" endtime="20221213 17:09:07.401"/>
</kw>
<kw name="Click Element" library="Selenium2Library">
<arg>${submitbuttonsteps_locator}</arg>
<doc>Click the element identified by ``locator``.</doc>
<status status="NOT RUN" starttime="20221213 17:09:07.401" endtime="20221213 17:09:07.401"/>
</kw>
<kw name="Wait Until Page Contains" library="Selenium2Library">
<arg>ご注文の概要</arg>
<arg>20s</arg>
<doc>Waits until ``text`` appears on the current page.</doc>
<status status="NOT RUN" starttime="20221213 17:09:07.401" endtime="20221213 17:09:07.401"/>
</kw>
<kw name="Get WebElements xpath=${orderid_locator}">
<var>${OrderID}</var>
<status status="NOT RUN" starttime="20221213 17:09:07.417" endtime="20221213 17:09:07.417"/>
</kw>
<kw name="Log To Console" library="BuiltIn">
<arg>${OrderID}</arg>
<doc>Logs the given message to the console.</doc>
<status status="NOT RUN" starttime="20221213 17:09:07.417" endtime="20221213 17:09:07.417"/>
</kw>
<kw name="Set Global Variable" library="BuiltIn">
<arg>${OrderIDvalue}</arg>
<arg>${OrderID}</arg>
<doc>Makes a variable available globally in all tests and suites.</doc>
<status status="NOT RUN" starttime="20221213 17:09:07.417" endtime="20221213 17:09:07.417"/>
</kw>
<status status="FAIL" starttime="20221213 17:08:47.040" endtime="20221213 17:09:07.418"/>
</kw>
<status status="FAIL" starttime="20221213 17:07:49.612" endtime="20221213 17:09:07.419">Text '連絡先情報の入力' did not appear in 20 seconds.</status>
</test>
<status status="FAIL" starttime="20221213 17:07:48.990" endtime="20221213 17:09:07.421"/>
</suite>
<statistics>
<total>
<stat pass="0" fail="1" skip="0">All Tests</stat>
</total>
<tag>
</tag>
<suite>
<stat pass="0" fail="1" skip="0" id="s1" name="PlaceOrderCOD">PlaceOrderCOD</stat>
</suite>
</statistics>
<errors>
<msg timestamp="20221213 17:07:49.294" level="ERROR">Error in file 'C:\Automation\Lancome JP\Register.robot' on line 6: Setting 'Test Setup' is not allowed in resource file.</msg>
<msg timestamp="20221213 17:07:49.294" level="ERROR">Error in file 'C:\Automation\Lancome JP\PlaceOrderCOD.robot' on line 7: Error in file 'C:\Automation\Lancome JP\Register.robot' on line 14: Resource file with 'Test Cases' section is invalid.</msg>
</errors>
</robot>
